1679998858333	geckodriver	INFO	Listening on 127.0.0.1:61125
1679998861379	mozrunner::runner	INFO	Running command: "C:\\Program Files\\Mozilla Firefox\\firefox.exe" "--marionette" "--remote-debugging-port" "61126" "--remote-allow-hosts" "localhost" "-no-remote" "-profile" "C:\\Users\\abhi0\\AppData\\Local\\Temp\\rust_mozprofileKWl9Ni"
console.warn: services.settings: Ignoring preference override of remote settings server
console.warn: services.settings: Allow by setting MOZ_REMOTE_SETTINGS_DEVTOOLS=1 in the environment
1679998861863	Marionette	INFO	Marionette enabled
Dynamically enable window occlusion 0
1679998861872	Marionette	INFO	Listening on port 61178
Read port: 61178
WebDriver BiDi listening on ws://127.0.0.1:61126
1679998862105	RemoteAgent	WARN	TLS certificate errors will be ignored for this session
console.warn: SearchSettings: "get: No settings file exists, new profile?" (new NotFoundError("Could not open the file at C:\\Users\\abhi0\\AppData\\Local\\Temp\\rust_mozprofileKWl9Ni\\search.json.mozlz4", (void 0)))
DevTools listening on ws://127.0.0.1:61126/devtools/browser/68350e2d-45e6-491f-a333-4db8a8473947
JavaScript warning: https://demowebshop.tricentis.com/Scripts/jquery-1.10.2.min.js, line 19: Using //@ to indicate sourceMappingURL pragmas is deprecated. Use //# instead
1679998866678	Marionette	INFO	Stopped listening on port 61178
Dynamically enable window occlusion 1
1679998906433	geckodriver	INFO	Listening on 127.0.0.1:61307
1679998909508	mozrunner::runner	INFO	Running command: "C:\\Program Files\\Mozilla Firefox\\firefox.exe" "--marionette" "--remote-debugging-port" "61308" "--remote-allow-hosts" "localhost" "-no-remote" "-profile" "C:\\Users\\abhi0\\AppData\\Local\\Temp\\rust_mozprofileMfH6U6"
console.warn: services.settings: Ignoring preference override of remote settings server
console.warn: services.settings: Allow by setting MOZ_REMOTE_SETTINGS_DEVTOOLS=1 in the environment
1679998909890	Marionette	INFO	Marionette enabled
Dynamically enable window occlusion 0
1679998909895	Marionette	INFO	Listening on port 61316
Read port: 61316
WebDriver BiDi listening on ws://127.0.0.1:61308
1679998910005	RemoteAgent	WARN	TLS certificate errors will be ignored for this session
console.warn: SearchSettings: "get: No settings file exists, new profile?" (new NotFoundError("Could not open the file at C:\\Users\\abhi0\\AppData\\Local\\Temp\\rust_mozprofileMfH6U6\\search.json.mozlz4", (void 0)))
DevTools listening on ws://127.0.0.1:61308/devtools/browser/3a64bd0c-9961-4608-b4f9-a731ca77adf7
JavaScript warning: https://demowebshop.tricentis.com/Scripts/jquery-1.10.2.min.js, line 19: Using //@ to indicate sourceMappingURL pragmas is deprecated. Use //# instead
1679998916580	Marionette	INFO	Stopped listening on port 61316
Dynamically enable window occlusion 1
1679998993238	geckodriver	INFO	Listening on 127.0.0.1:61417
1679998996292	mozrunner::runner	INFO	Running command: "C:\\Program Files\\Mozilla Firefox\\firefox.exe" "--marionette" "--remote-debugging-port" "61418" "--remote-allow-hosts" "localhost" "-no-remote" "-profile" "C:\\Users\\abhi0\\AppData\\Local\\Temp\\rust_mozprofile54Chbs"
console.warn: services.settings: Ignoring preference override of remote settings server
console.warn: services.settings: Allow by setting MOZ_REMOTE_SETTINGS_DEVTOOLS=1 in the environment
1679998996731	Marionette	INFO	Marionette enabled
Dynamically enable window occlusion 0
1679998996735	Marionette	INFO	Listening on port 61467
Read port: 61467
WebDriver BiDi listening on ws://127.0.0.1:61418
1679998996891	RemoteAgent	WARN	TLS certificate errors will be ignored for this session
console.warn: SearchSettings: "get: No settings file exists, new profile?" (new NotFoundError("Could not open the file at C:\\Users\\abhi0\\AppData\\Local\\Temp\\rust_mozprofile54Chbs\\search.json.mozlz4", (void 0)))
DevTools listening on ws://127.0.0.1:61418/devtools/browser/1a03fd1c-f0aa-4403-8964-95ddb75dcba9
JavaScript warning: https://demowebshop.tricentis.com/Scripts/jquery-1.10.2.min.js, line 19: Using //@ to indicate sourceMappingURL pragmas is deprecated. Use //# instead
1679999001148	Marionette	INFO	Stopped listening on port 61467
Dynamically enable window occlusion 1
1680000554033	geckodriver	INFO	Listening on 127.0.0.1:62990
1680000557083	mozrunner::runner	INFO	Running command: "C:\\Program Files\\Mozilla Firefox\\firefox.exe" "--marionette" "--remote-debugging-port" "62991" "--remote-allow-hosts" "localhost" "-no-remote" "-profile" "C:\\Users\\abhi0\\AppData\\Local\\Temp\\rust_mozprofilenJyO5w"
console.warn: services.settings: Ignoring preference override of remote settings server
console.warn: services.settings: Allow by setting MOZ_REMOTE_SETTINGS_DEVTOOLS=1 in the environment
1680000557513	Marionette	INFO	Marionette enabled
Dynamically enable window occlusion 0
1680000557518	Marionette	INFO	Listening on port 63040
Read port: 63040
WebDriver BiDi listening on ws://127.0.0.1:62991
1680000557636	RemoteAgent	WARN	TLS certificate errors will be ignored for this session
console.warn: SearchSettings: "get: No settings file exists, new profile?" (new NotFoundError("Could not open the file at C:\\Users\\abhi0\\AppData\\Local\\Temp\\rust_mozprofilenJyO5w\\search.json.mozlz4", (void 0)))
DevTools listening on ws://127.0.0.1:62991/devtools/browser/9488c0a1-5c73-4ccf-907f-8fa4ecca06c5
JavaScript warning: https://demowebshop.tricentis.com/Scripts/jquery-1.10.2.min.js, line 19: Using //@ to indicate sourceMappingURL pragmas is deprecated. Use //# instead
1680000561955	Marionette	INFO	Stopped listening on port 63040
Dynamically enable window occlusion 1
1680003891318	geckodriver	INFO	Listening on 127.0.0.1:65357
1680003894385	mozrunner::runner	INFO	Running command: "C:\\Program Files\\Mozilla Firefox\\firefox.exe" "--marionette" "--remote-debugging-port" "65360" "--remote-allow-hosts" "localhost" "-no-remote" "-profile" "C:\\Users\\abhi0\\AppData\\Local\\Temp\\rust_mozprofilemrFsNa"
console.warn: services.settings: Ignoring preference override of remote settings server
console.warn: services.settings: Allow by setting MOZ_REMOTE_SETTINGS_DEVTOOLS=1 in the environment
1680003895297	Marionette	INFO	Marionette enabled
Dynamically enable window occlusion 0
1680003895305	Marionette	INFO	Listening on port 65451
Read port: 65451
WebDriver BiDi listening on ws://127.0.0.1:65360
1680003895550	RemoteAgent	WARN	TLS certificate errors will be ignored for this session
console.warn: SearchSettings: "get: No settings file exists, new profile?" (new NotFoundError("Could not open the file at C:\\Users\\abhi0\\AppData\\Local\\Temp\\rust_mozprofilemrFsNa\\search.json.mozlz4", (void 0)))
DevTools listening on ws://127.0.0.1:65358/devtools/browser/0c2cfd06-06a8-4990-94e6-0fe8c3ca188d
JavaScript warning: https://demowebshop.tricentis.com/Scripts/jquery-1.10.2.min.js, line 19: Using //@ to indicate sourceMappingURL pragmas is deprecated. Use //# instead
1680003903927	Marionette	INFO	Stopped listening on port 65442
Dynamically enable window occlusion 1
WARNING: A blocker encountered an error while we were waiting.
          Blocker:  Waiting for ping task
          Phase: TelemetryController: Waiting for pending ping activity
          State: (none)
WARNING: Error: Phase "profile-before-change" is finished, it is too late to register completion condition "OS.File: flush I/O queued before profileBeforeChange"
WARNING: addBlocker@resource://gre/modules/AsyncShutdown.sys.mjs:727:15
addBlocker@resource://gre/modules/AsyncShutdown.sys.mjs:523:26
addBlocker@resource://gre/modules/AsyncShutdown.sys.mjs:458:15
setupShutdown@resource://gre/modules/osfile/osfile_async_front.jsm:1548:28
@resource://gre/modules/osfile/osfile_async_front.jsm:1568:16
@resource://gre/modules/osfile.jsm:12:30
@resource://gre/modules/TelemetryStorage.sys.mjs:10:28
_checkPendingPings@resource://gre/modules/TelemetrySend.sys.mjs:863:17
setup@resource://gre/modules/TelemetrySend.sys.mjs:803:18
setup@resource://gre/modules/TelemetrySend.sys.mjs:241:30
setupTelemetry/this._delayedInitTask<@resource://gre/modules/TelemetryControllerParent.sys.mjs:828:36
observe@resource://gre/modules/AsyncShutdown.sys.mjs:576:16

console.error: "TelemetryScheduler.shutdown - Already shut down"
WARNING: A blocker encountered an error while we were waiting.
          Blocker:  Waiting for ping task
          Phase: TelemetryController: Waiting for pending ping activity
          State: (none)
WARNING: Error: Phase "profile-before-change" is finished, it is too late to register completion condition "OS.File: flush I/O queued before profileBeforeChange"
WARNING: addBlocker@resource://gre/modules/AsyncShutdown.sys.mjs:727:15
addBlocker@resource://gre/modules/AsyncShutdown.sys.mjs:523:26
addBlocker@resource://gre/modules/AsyncShutdown.sys.mjs:458:15
setupShutdown@resource://gre/modules/osfile/osfile_async_front.jsm:1548:28
@resource://gre/modules/osfile/osfile_async_front.jsm:1568:16
@resource://gre/modules/osfile.jsm:12:30
@resource://gre/modules/TelemetryStorage.sys.mjs:10:28
_checkPendingPings@resource://gre/modules/TelemetrySend.sys.mjs:863:17
setup@resource://gre/modules/TelemetrySend.sys.mjs:803:18
setup@resource://gre/modules/TelemetrySend.sys.mjs:241:30
setupTelemetry/this._delayedInitTask<@resource://gre/modules/TelemetryControllerParent.sys.mjs:828:36
observe@resource://gre/modules/AsyncShutdown.sys.mjs:576:16

WARNING: A blocker encountered an error while we were waiting.
          Blocker:  Waiting for ping task
          Phase: TelemetryController: Waiting for pending ping activity
          State: (none)
WARNING: Error: Phase "profile-before-change" is finished, it is too late to register completion condition "OS.File: flush I/O queued before profileBeforeChange"
WARNING: addBlocker@resource://gre/modules/AsyncShutdown.sys.mjs:727:15
addBlocker@resource://gre/modules/AsyncShutdown.sys.mjs:523:26
addBlocker@resource://gre/modules/AsyncShutdown.sys.mjs:458:15
setupShutdown@resource://gre/modules/osfile/osfile_async_front.jsm:1548:28
@resource://gre/modules/osfile/osfile_async_front.jsm:1568:16
@resource://gre/modules/osfile.jsm:12:30
@resource://gre/modules/TelemetryStorage.sys.mjs:10:28
_checkPendingPings@resource://gre/modules/TelemetrySend.sys.mjs:863:17
setup@resource://gre/modules/TelemetrySend.sys.mjs:803:18
setup@resource://gre/modules/TelemetrySend.sys.mjs:241:30
setupTelemetry/this._delayedInitTask<@resource://gre/modules/TelemetryControllerParent.sys.mjs:828:36
observe@resource://gre/modules/AsyncShutdown.sys.mjs:576:16

WARNING: A blocker encountered an error while we were waiting.
          Blocker:  TelemetryController: shutting down
          Phase: profile-before-change-telemetry
          State: Error getting state: Error: Phase "profile-before-change" is finished, it is too late to register completion condition "OS.File: flush I/O queued before profileBeforeChange" at addBlocker@resource://gre/modules/AsyncShutdown.sys.mjs:727:15
addBlocker@resource://gre/modules/AsyncShutdown.sys.mjs:523:26
addBlocker@resource://gre/modules/AsyncShutdown.sys.mjs:458:15
setupShutdown@resource://gre/modules/osfile/osfile_async_front.jsm:1548:28
@resource://gre/modules/osfile/osfile_async_front.jsm:1568:16
@resource://gre/modules/osfile.jsm:12:30
@resource://gre/modules/TelemetryStorage.sys.mjs:10:28
_checkPendingPings@resource://gre/modules/TelemetrySend.sys.mjs:863:17
setup@resource://gre/modules/TelemetrySend.sys.mjs:803:18
setup@resource://gre/modules/TelemetrySend.sys.mjs:241:30
setupTelemetry/this._delayedInitTask<@resource://gre/modules/TelemetryControllerParent.sys.mjs:828:36
observe@resource://gre/modules/AsyncShutdown.sys.mjs:576:16

WARNING: Error: Phase "profile-before-change" is finished, it is too late to register completion condition "OS.File: flush I/O queued before profileBeforeChange"
WARNING: addBlocker@resource://gre/modules/AsyncShutdown.sys.mjs:727:15
addBlocker@resource://gre/modules/AsyncShutdown.sys.mjs:523:26
addBlocker@resource://gre/modules/AsyncShutdown.sys.mjs:458:15
setupShutdown@resource://gre/modules/osfile/osfile_async_front.jsm:1548:28
@resource://gre/modules/osfile/osfile_async_front.jsm:1568:16
@resource://gre/modules/osfile.jsm:12:30
@resource://gre/modules/TelemetryStorage.sys.mjs:10:28
_checkPendingPings@resource://gre/modules/TelemetrySend.sys.mjs:863:17
setup@resource://gre/modules/TelemetrySend.sys.mjs:803:18
setup@resource://gre/modules/TelemetrySend.sys.mjs:241:30
setupTelemetry/this._delayedInitTask<@resource://gre/modules/TelemetryControllerParent.sys.mjs:828:36
observe@resource://gre/modules/AsyncShutdown.sys.mjs:576:16

JavaScript error: resource://gre/modules/AsyncShutdown.sys.mjs, line 727: Error: Phase "profile-before-change" is finished, it is too late to register completion condition "OS.File: flush I/O queued before profileBeforeChange"
JavaScript error: resource://gre/modules/AsyncShutdown.sys.mjs, line 727: Error: Phase "profile-before-change" is finished, it is too late to register completion condition "OS.File: flush I/O queued before profileBeforeChange"
JavaScript error: resource://gre/modules/AsyncShutdown.sys.mjs, line 727: Error: Phase "profile-before-change" is finished, it is too late to register completion condition "OS.File: flush I/O queued before profileBeforeChange"
JavaScript error: resource://gre/modules/AsyncShutdown.sys.mjs, line 727: Error: Phase "profile-before-change" is finished, it is too late to register completion condition "OS.File: flush I/O queued before profileBeforeChange"
JavaScript error: resource://gre/modules/AsyncShutdown.sys.mjs, line 727: Error: Phase "profile-before-change" is finished, it is too late to register completion condition "OS.File: flush I/O queued before profileBeforeChange"
JavaScript error: resource://gre/modules/AsyncShutdown.sys.mjs, line 727: Error: Phase "profile-before-change" is finished, it is too late to register completion condition "OS.File: flush I/O queued before profileBeforeChange"
1680003968714	geckodriver	INFO	Listening on 127.0.0.1:49218
1680003971762	mozrunner::runner	INFO	Running command: "C:\\Program Files\\Mozilla Firefox\\firefox.exe" "--marionette" "--remote-debugging-port" "49219" "--remote-allow-hosts" "localhost" "-no-remote" "-profile" "C:\\Users\\abhi0\\AppData\\Local\\Temp\\rust_mozprofileeqSz2j"
console.warn: services.settings: Ignoring preference override of remote settings server
console.warn: services.settings: Allow by setting MOZ_REMOTE_SETTINGS_DEVTOOLS=1 in the environment
1680003972200	Marionette	INFO	Marionette enabled
Dynamically enable window occlusion 0
1680003972208	Marionette	INFO	Listening on port 49267
WebDriver BiDi listening on ws://127.0.0.1:49219
Read port: 49267
1680003972559	RemoteAgent	WARN	TLS certificate errors will be ignored for this session
console.warn: SearchSettings: "get: No settings file exists, new profile?" (new NotFoundError("Could not open the file at C:\\Users\\abhi0\\AppData\\Local\\Temp\\rust_mozprofileeqSz2j\\search.json.mozlz4", (void 0)))
DevTools listening on ws://127.0.0.1:49219/devtools/browser/70fbb7aa-b9b5-401f-9339-120c6cc7999a
JavaScript warning: https://demowebshop.tricentis.com/Scripts/jquery-1.10.2.min.js, line 19: Using //@ to indicate sourceMappingURL pragmas is deprecated. Use //# instead
1680003976562	Marionette	INFO	Stopped listening on port 49267
Dynamically enable window occlusion 1
1680003978606	geckodriver	INFO	Listening on 127.0.0.1:49321
1680003981671	mozrunner::runner	INFO	Running command: "C:\\Program Files\\Mozilla Firefox\\firefox.exe" "--marionette" "--remote-debugging-port" "49322" "--remote-allow-hosts" "localhost" "-no-remote" "-profile" "C:\\Users\\abhi0\\AppData\\Local\\Temp\\rust_mozprofileCfQGcz"
console.warn: services.settings: Ignoring preference override of remote settings server
console.warn: services.settings: Allow by setting MOZ_REMOTE_SETTINGS_DEVTOOLS=1 in the environment
1680003982169	Marionette	INFO	Marionette enabled
Dynamically enable window occlusion 0
1680003982175	Marionette	INFO	Listening on port 49369
Read port: 49369
WebDriver BiDi listening on ws://127.0.0.1:49322
1680003982342	RemoteAgent	WARN	TLS certificate errors will be ignored for this session
console.warn: SearchSettings: "get: No settings file exists, new profile?" (new NotFoundError("Could not open the file at C:\\Users\\abhi0\\AppData\\Local\\Temp\\rust_mozprofileCfQGcz\\search.json.mozlz4", (void 0)))
DevTools listening on ws://127.0.0.1:49322/devtools/browser/aade5768-bc1a-4911-aba6-9639226d901f
JavaScript warning: https://demowebshop.tricentis.com/Scripts/jquery-1.10.2.min.js, line 19: Using //@ to indicate sourceMappingURL pragmas is deprecated. Use //# instead
1680003986668	Marionette	INFO	Stopped listening on port 49369
Dynamically enable window occlusion 1
